<?xml version="1.0" encoding="UTF-8"?>
<coverage generated="1682331275058" clover="3.2.0">
  <project timestamp="1682331275058" name="All files">
    <metrics statements="61" coveredstatements="59" conditionals="18" coveredconditionals="15" methods="18" coveredmethods="17" elements="97" coveredelements="91" complexity="0" loc="61" ncloc="61" packages="1" files="5" classes="5"/>
    <file name="analyzeArray.js" path="/home/nick/repos/testing-practice/functions/analyzeArray.js">
      <metrics statements="9" coveredstatements="9" conditionals="0" coveredconditionals="0" methods="2" coveredmethods="2"/>
      <line num="1" count="1" type="stmt"/>
      <line num="2" count="1" type="stmt"/>
      <line num="4" count="1" type="stmt"/>
      <line num="5" count="6" type="stmt"/>
      <line num="9" count="1" type="stmt"/>
      <line num="11" count="1" type="stmt"/>
      <line num="13" count="1" type="stmt"/>
      <line num="15" count="1" type="stmt"/>
      <line num="23" count="1" type="stmt"/>
    </file>
    <file name="caesarCipher.js" path="/home/nick/repos/testing-practice/functions/caesarCipher.js">
      <metrics statements="36" coveredstatements="34" conditionals="18" coveredconditionals="15" methods="9" coveredmethods="8"/>
      <line num="1" count="1" type="stmt"/>
      <line num="2" count="55" type="stmt"/>
      <line num="4" count="29" type="stmt"/>
      <line num="6" count="1" type="stmt"/>
      <line num="9" count="5" type="stmt"/>
      <line num="11" count="3" type="stmt"/>
      <line num="12" count="3" type="stmt"/>
      <line num="14" count="3" type="stmt"/>
      <line num="44" count="3" type="stmt"/>
      <line num="46" count="30" type="cond" truecount="2" falsecount="0"/>
      <line num="47" count="1" type="stmt"/>
      <line num="50" count="29" type="cond" truecount="2" falsecount="0"/>
      <line num="51" count="5" type="stmt"/>
      <line num="55" count="5" type="stmt"/>
      <line num="58" count="24" type="cond" truecount="1" falsecount="1"/>
      <line num="59" count="24" type="stmt"/>
      <line num="65" count="3" type="stmt"/>
      <line num="67" count="30" type="cond" truecount="2" falsecount="0"/>
      <line num="68" count="5" type="stmt"/>
      <line num="69" count="5" type="stmt"/>
      <line num="71" count="5" type="cond" truecount="1" falsecount="1"/>
      <line num="72" count="0" type="stmt"/>
      <line num="73" count="0" type="stmt"/>
      <line num="76" count="5" type="stmt"/>
      <line num="77" count="66" type="stmt"/>
      <line num="80" count="5" type="stmt"/>
      <line num="83" count="25" type="cond" truecount="2" falsecount="0"/>
      <line num="84" count="1" type="stmt"/>
      <line num="87" count="24" type="cond" truecount="2" falsecount="0"/>
      <line num="88" count="1" type="stmt"/>
      <line num="89" count="5" type="stmt"/>
      <line num="91" count="23" type="cond" truecount="3" falsecount="1"/>
      <line num="92" count="23" type="stmt"/>
      <line num="93" count="315" type="stmt"/>
      <line num="98" count="3" type="stmt"/>
      <line num="101" count="1" type="stmt"/>
    </file>
    <file name="calculator.js" path="/home/nick/repos/testing-practice/functions/calculator.js">
      <metrics statements="7" coveredstatements="7" conditionals="0" coveredconditionals="0" methods="5" coveredmethods="5"/>
      <line num="1" count="1" type="stmt"/>
      <line num="2" count="1" type="stmt"/>
      <line num="3" count="1" type="stmt"/>
      <line num="4" count="1" type="stmt"/>
      <line num="5" count="1" type="stmt"/>
      <line num="6" count="1" type="stmt"/>
      <line num="14" count="1" type="stmt"/>
    </file>
    <file name="capitalize.js" path="/home/nick/repos/testing-practice/functions/capitalize.js">
      <metrics statements="2" coveredstatements="2" conditionals="0" coveredconditionals="0" methods="1" coveredmethods="1"/>
      <line num="1" count="1" type="stmt"/>
      <line num="3" count="1" type="stmt"/>
    </file>
    <file name="reverseString.js" path="/home/nick/repos/testing-practice/functions/reverseString.js">
      <metrics statements="7" coveredstatements="7" conditionals="0" coveredconditionals="0" methods="1" coveredmethods="1"/>
      <line num="1" count="1" type="stmt"/>
      <line num="2" count="1" type="stmt"/>
      <line num="4" count="1" type="stmt"/>
      <line num="5" count="5" type="stmt"/>
      <line num="7" count="1" type="stmt"/>
      <line num="9" count="1" type="stmt"/>
      <line num="12" count="1" type="stmt"/>
    </file>
  </project>
</coverage>
