TN:
SF:functions/caesarCipher.js
FN:1,(anonymous_0)
FN:4,(anonymous_1)
FN:6,(anonymous_2)
FN:9,(anonymous_3)
FN:65,(anonymous_4)
FN:73,(anonymous_5)
FN:77,(anonymous_6)
FN:89,(anonymous_7)
FN:93,(anonymous_8)
FNF:9
FNH:8
FNDA:55,(anonymous_0)
FNDA:29,(anonymous_1)
FNDA:3,(anonymous_2)
FNDA:5,(anonymous_3)
FNDA:30,(anonymous_4)
FNDA:0,(anonymous_5)
FNDA:66,(anonymous_6)
FNDA:5,(anonymous_7)
FNDA:315,(anonymous_8)
DA:1,1
DA:2,55
DA:4,29
DA:6,1
DA:9,5
DA:11,3
DA:12,3
DA:14,3
DA:44,3
DA:46,30
DA:47,1
DA:50,29
DA:51,5
DA:55,5
DA:58,24
DA:59,24
DA:65,3
DA:67,30
DA:68,5
DA:69,5
DA:71,5
DA:72,0
DA:73,0
DA:76,5
DA:77,66
DA:80,5
DA:83,25
DA:84,1
DA:87,24
DA:88,1
DA:89,5
DA:91,23
DA:92,23
DA:93,315
DA:98,3
DA:101,1
LF:36
LH:34
BRDA:46,0,0,1
BRDA:46,0,1,29
BRDA:50,1,0,5
BRDA:50,1,1,24
BRDA:58,2,0,24
BRDA:58,2,1,0
BRDA:67,3,0,5
BRDA:67,3,1,25
BRDA:71,4,0,0
BRDA:71,4,1,5
BRDA:83,5,0,1
BRDA:83,5,1,24
BRDA:87,6,0,1
BRDA:87,6,1,23
BRDA:91,7,0,23
BRDA:91,7,1,0
BRDA:91,8,0,23
BRDA:91,8,1,23
BRF:18
BRH:15
end_of_record
TN:
SF:functions/calculator.js
FN:1,(anonymous_0)
FN:2,(anonymous_1)
FN:3,(anonymous_2)
FN:4,(anonymous_3)
FN:5,(anonymous_4)
FNF:5
FNH:5
FNDA:1,(anonymous_0)
FNDA:1,(anonymous_1)
FNDA:1,(anonymous_2)
FNDA:1,(anonymous_3)
FNDA:1,(anonymous_4)
DA:1,1
DA:2,1
DA:3,1
DA:4,1
DA:5,1
DA:6,1
DA:14,1
LF:7
LH:7
BRF:0
BRH:0
end_of_record
TN:
SF:functions/capitalize.js
FN:1,(anonymous_0)
FNF:1
FNH:1
FNDA:1,(anonymous_0)
DA:1,1
DA:3,1
LF:2
LH:2
BRF:0
BRH:0
end_of_record
TN:
SF:functions/reverseString.js
FN:1,(anonymous_0)
FNF:1
FNH:1
FNDA:1,(anonymous_0)
DA:1,1
DA:2,1
DA:4,1
DA:5,5
DA:7,1
DA:9,1
DA:12,1
LF:7
LH:7
BRF:0
BRH:0
end_of_record
